<?xml version="1.0" encoding="UTF-8"?>
<testsuite name="com.katas.LeapYearTest" tests="4" skipped="0" failures="0" errors="0" timestamp="2019-02-13T16:29:50" hostname="IRCSFITZGB2L1C" time="0.047">
  <properties/>
  <testcase name="test_that_the_leap_year_is_valid" classname="com.katas.LeapYearTest" time="0.046"/>
  <testcase name="test_check_if_number_is_divisible_by_400_fails" classname="com.katas.LeapYearTest" time="0.0"/>
  <testcase name="test_check_if_number_is_divisible_by_4_fails" classname="com.katas.LeapYearTest" time="0.0"/>
  <testcase name="test_check_if_number_is_divisible_by_100_fails" classname="com.katas.LeapYearTest" time="0.0"/>
  <system-out><![CDATA[]]></system-out>
  <system-err><![CDATA[]]></system-err>
</testsuite>
