<?xml version="1.0" encoding="UTF-8"?>
<testsuite name="com.katas.PasswordTest" tests="6" skipped="0" failures="0" errors="0" timestamp="2019-02-13T14:02:28" hostname="IRCSFITZGB2L1C" time="0.047">
  <properties/>
  <testcase name="test_length_of_password_is_less_than_eight_fails" classname="com.katas.PasswordTest" time="0.045"/>
  <testcase name="test_that_the_password_is_valid" classname="com.katas.PasswordTest" time="0.001"/>
  <testcase name="test_that_password_has_an_underscore_fails" classname="com.katas.PasswordTest" time="0.0"/>
  <testcase name="test_that_password_has_has_no_lowercase_letter_fails" classname="com.katas.PasswordTest" time="0.0"/>
  <testcase name="test_that_password_has_a_number_fails" classname="com.katas.PasswordTest" time="0.0"/>
  <testcase name="test_that_password_has_has_no_capital_fails" classname="com.katas.PasswordTest" time="0.0"/>
  <system-out><![CDATA[]]></system-out>
  <system-err><![CDATA[]]></system-err>
</testsuite>
